# JRE version: Java(TM) SE Runtime Environment (8.0_31-b13) (build 1.8.0_31-b13)
# Java VM: Java HotSpot(TM) 64-Bit Server VM (25.31-b07 mixed mode windows-amd64 compressed oops)
Heap:
 PSYoungGen      total 207872K, used 75080K [0x00000000eab00000, 0x0000000100000000, 0x0000000100000000)
  eden space 137216K, 3% used [0x00000000eab00000,0x00000000eaf58ef8,0x00000000f3100000)
  from space 70656K, 99% used [0x00000000f3100000,0x00000000f75f9458,0x00000000f7600000)
  to   space 91648K, 0% used [0x00000000fa680000,0x00000000fa680000,0x0000000100000000)
 ParOldGen       total 193536K, used 133526K [0x00000000c0000000, 0x00000000cbd00000, 0x00000000eab00000)
  object space 193536K, 68% used [0x00000000c0000000,0x00000000c8265a18,0x00000000cbd00000)
 Metaspace       used 6135K, capacity 7152K, committed 7296K, reserved 1056768K
  class space    used 584K, capacity 616K, committed 640K, reserved 1048576K
GC Heap History (10 events):
Event: 10.691 GC heap before
{Heap before GC invocations=8 (full 2):
 PSYoungGen      total 68096K, used 65536K [0x00000000eab00000, 0x00000000f5b00000, 0x0000000100000000)
  eden space 65536K, 100% used [0x00000000eab00000,0x00000000eeb00000,0x00000000eeb00000)
  from space 2560K, 0% used [0x00000000eeb00000,0x00000000eeb00000,0x00000000eed80000)
  to   space 32256K, 0% used [0x00000000f3b80000,0x00000000f3b80000,0x00000000f5b00000)
 ParOldGen       total 112640K, used 51578K [0x00000000c0000000, 0x00000000c6e00000, 0x00000000eab00000)
  object space 112640K, 45% used [0x00000000c0000000,0x00000000c325e850,0x00000000c6e00000)
 Metaspace       used 6077K, capacity 7088K, committed 7296K, reserved 1056768K
  class space    used 584K, capacity 616K, committed 640K, reserved 1048576K
Event: 11.143 GC heap after
Heap after GC invocations=8 (full 2):
 PSYoungGen      total 126464K, used 32243K [0x00000000eab00000, 0x00000000f5b00000, 0x0000000100000000)
  eden space 94208K, 0% used [0x00000000eab00000,0x00000000eab00000,0x00000000f0700000)
  from space 32256K, 99% used [0x00000000f3b80000,0x00000000f5afcf18,0x00000000f5b00000)
  to   space 43008K, 0% used [0x00000000f0700000,0x00000000f0700000,0x00000000f3100000)
 ParOldGen       total 112640K, used 57563K [0x00000000c0000000, 0x00000000c6e00000, 0x00000000eab00000)
  object space 112640K, 51% used [0x00000000c0000000,0x00000000c3836c70,0x00000000c6e00000)
 Metaspace       used 6077K, capacity 7088K, committed 7296K, reserved 1056768K
  class space    used 584K, capacity 616K, committed 640K, reserved 1048576K
}
Event: 11.977 GC heap before
{Heap before GC invocations=9 (full 2):
 PSYoungGen      total 126464K, used 126451K [0x00000000eab00000, 0x00000000f5b00000, 0x0000000100000000)
  eden space 94208K, 100% used [0x00000000eab00000,0x00000000f0700000,0x00000000f0700000)
  from space 32256K, 99% used [0x00000000f3b80000,0x00000000f5afcf18,0x00000000f5b00000)
  to   space 43008K, 0% used [0x00000000f0700000,0x00000000f0700000,0x00000000f3100000)
 ParOldGen       total 112640K, used 57563K [0x00000000c0000000, 0x00000000c6e00000, 0x00000000eab00000)
  object space 112640K, 51% used [0x00000000c0000000,0x00000000c3836c70,0x00000000c6e00000)
 Metaspace       used 6077K, capacity 7088K, committed 7296K, reserved 1056768K
  class space    used 584K, capacity 616K, committed 640K, reserved 1048576K
Event: 12.830 GC heap after
Heap after GC invocations=9 (full 2):
 PSYoungGen      total 137216K, used 43003K [0x00000000eab00000, 0x00000000fbf00000, 0x0000000100000000)
  eden space 94208K, 0% used [0x00000000eab00000,0x00000000eab00000,0x00000000f0700000)
  from space 43008K, 99% used [0x00000000f0700000,0x00000000f30feca0,0x00000000f3100000)
  to   space 71168K, 0% used [0x00000000f7980000,0x00000000f7980000,0x00000000fbf00000)
 ParOldGen       total 112640K, used 95899K [0x00000000c0000000, 0x00000000c6e00000, 0x00000000eab00000)
  object space 112640K, 85% used [0x00000000c0000000,0x00000000c5da6c70,0x00000000c6e00000)
 Metaspace       used 6077K, capacity 7088K, committed 7296K, reserved 1056768K
  class space    used 584K, capacity 616K, committed 640K, reserved 1048576K
}
Event: 12.830 GC heap before
{Heap before GC invocations=10 (full 3):
 PSYoungGen      total 137216K, used 43003K [0x00000000eab00000, 0x00000000fbf00000, 0x0000000100000000)
  eden space 94208K, 0% used [0x00000000eab00000,0x00000000eab00000,0x00000000f0700000)
  from space 43008K, 99% used [0x00000000f0700000,0x00000000f30feca0,0x00000000f3100000)
  to   space 71168K, 0% used [0x00000000f7980000,0x00000000f7980000,0x00000000fbf00000)
 ParOldGen       total 112640K, used 95899K [0x00000000c0000000, 0x00000000c6e00000, 0x00000000eab00000)
  object space 112640K, 85% used [0x00000000c0000000,0x00000000c5da6c70,0x00000000c6e00000)
 Metaspace       used 6077K, capacity 7088K, committed 7296K, reserved 1056768K
  class space    used 584K, capacity 616K, committed 640K, reserved 1048576K
Event: 14.144 GC heap after
Heap after GC invocations=10 (full 3):
 PSYoungGen      total 137216K, used 19268K [0x00000000eab00000, 0x00000000fbf00000, 0x0000000100000000)
  eden space 94208K, 0% used [0x00000000eab00000,0x00000000eab00000,0x00000000f0700000)
  from space 43008K, 44% used [0x00000000f0700000,0x00000000f19d1178,0x00000000f3100000)
  to   space 71168K, 0% used [0x00000000f7980000,0x00000000f7980000,0x00000000fbf00000)
 ParOldGen       total 193536K, used 112596K [0x00000000c0000000, 0x00000000cbd00000, 0x00000000eab00000)
  object space 193536K, 58% used [0x00000000c0000000,0x00000000c6df5168,0x00000000cbd00000)
 Metaspace       used 6077K, capacity 7088K, committed 7296K, reserved 1056768K
  class space    used 584K, capacity 616K, committed 640K, reserved 1048576K
}
Event: 15.253 GC heap before
{Heap before GC invocations=11 (full 3):
 PSYoungGen      total 137216K, used 113476K [0x00000000eab00000, 0x00000000fbf00000, 0x0000000100000000)
  eden space 94208K, 100% used [0x00000000eab00000,0x00000000f0700000,0x00000000f0700000)
  from space 43008K, 44% used [0x00000000f0700000,0x00000000f19d1178,0x00000000f3100000)
  to   space 71168K, 0% used [0x00000000f7980000,0x00000000f7980000,0x00000000fbf00000)
 ParOldGen       total 193536K, used 112596K [0x00000000c0000000, 0x00000000cbd00000, 0x00000000eab00000)
  object space 193536K, 58% used [0x00000000c0000000,0x00000000c6df5168,0x00000000cbd00000)
 Metaspace       used 6083K, capacity 7088K, committed 7296K, reserved 1056768K
  class space    used 584K, capacity 616K, committed 640K, reserved 1048576K
Event: 15.600 GC heap after
Heap after GC invocations=11 (full 3):
 PSYoungGen      total 204288K, used 37069K [0x00000000eab00000, 0x00000000fbb00000, 0x0000000100000000)
  eden space 137216K, 0% used [0x00000000eab00000,0x00000000eab00000,0x00000000f3100000)
  from space 67072K, 55% used [0x00000000f7980000,0x00000000f9db37e0,0x00000000fbb00000)
  to   space 70656K, 0% used [0x00000000f3100000,0x00000000f3100000,0x00000000f7600000)
 ParOldGen       total 193536K, used 112596K [0x00000000c0000000, 0x00000000cbd00000, 0x00000000eab00000)
  object space 193536K, 58% used [0x00000000c0000000,0x00000000c6df5168,0x00000000cbd00000)
 Metaspace       used 6083K, capacity 7088K, committed 7296K, reserved 1056768K
  class space    used 584K, capacity 616K, committed 640K, reserved 1048576K
}
Event: 17.674 GC heap before
{Heap before GC invocations=12 (full 3):
 PSYoungGen      total 204288K, used 174285K [0x00000000eab00000, 0x00000000fbb00000, 0x0000000100000000)
  eden space 137216K, 100% used [0x00000000eab00000,0x00000000f3100000,0x00000000f3100000)
  from space 67072K, 55% used [0x00000000f7980000,0x00000000f9db37e0,0x00000000fbb00000)
  to   space 70656K, 0% used [0x00000000f3100000,0x00000000f3100000,0x00000000f7600000)
 ParOldGen       total 193536K, used 112596K [0x00000000c0000000, 0x00000000cbd00000, 0x00000000eab00000)
  object space 193536K, 58% used [0x00000000c0000000,0x00000000c6df5168,0x00000000cbd00000)
 Metaspace       used 6135K, capacity 7152K, committed 7296K, reserved 1056768K
  class space    used 584K, capacity 616K, committed 640K, reserved 1048576K
Event: 18.817 GC heap after
Heap after GC invocations=12 (full 3):
 PSYoungGen      total 207872K, used 70629K [0x00000000eab00000, 0x0000000100000000, 0x0000000100000000)
  eden space 137216K, 0% used [0x00000000eab00000,0x00000000eab00000,0x00000000f3100000)
  from space 70656K, 99% used [0x00000000f3100000,0x00000000f75f9458,0x00000000f7600000)
  to   space 91648K, 0% used [0x00000000fa680000,0x00000000fa680000,0x0000000100000000)
 ParOldGen       total 193536K, used 133526K [0x00000000c0000000, 0x00000000cbd00000, 0x00000000eab00000)
  object space 193536K, 68% used [0x00000000c0000000,0x00000000c8265a18,0x00000000cbd00000)
 Metaspace       used 6135K, capacity 7152K, committed 7296K, reserved 1056768K
  class space    used 584K, capacity 616K, committed 640K, reserved 1048576K
}

