# JRE version: Java(TM) SE Runtime Environment (8.0_31-b13) (build 1.8.0_31-b13)
# Java VM: Java HotSpot(TM) 64-Bit Server VM (25.31-b07 mixed mode windows-amd64 compressed oops)
Heap:
 PSYoungGen      total 229888K, used 141638K [0x00000000eab00000, 0x00000000ff980000, 0x0000000100000000)
  eden space 117248K, 34% used [0x00000000eab00000,0x00000000ed2af648,0x00000000f1d80000)
  from space 112640K, 89% used [0x00000000f1d80000,0x00000000f8022588,0x00000000f8b80000)
  to   space 109056K, 0% used [0x00000000f8f00000,0x00000000f8f00000,0x00000000ff980000)
 ParOldGen       total 173568K, used 112589K [0x00000000c0000000, 0x00000000ca980000, 0x00000000eab00000)
  object space 173568K, 64% used [0x00000000c0000000,0x00000000c6df3770,0x00000000ca980000)
 Metaspace       used 6331K, capacity 7218K, committed 7296K, reserved 1056768K
  class space    used 605K, capacity 618K, committed 640K, reserved 1048576K
GC Heap History (10 events):
Event: 9.081 GC heap before
{Heap before GC invocations=8 (full 1):
 PSYoungGen      total 158720K, used 157541K [0x00000000eab00000, 0x00000000f7980000, 0x0000000100000000)
  eden space 122368K, 100% used [0x00000000eab00000,0x00000000f2280000,0x00000000f2280000)
  from space 36352K, 96% used [0x00000000f4e80000,0x00000000f70d97b0,0x00000000f7200000)
  to   space 44544K, 0% used [0x00000000f2280000,0x00000000f2280000,0x00000000f4e00000)
 ParOldGen       total 103424K, used 51341K [0x00000000c0000000, 0x00000000c6500000, 0x00000000eab00000)
  object space 103424K, 49% used [0x00000000c0000000,0x00000000c32236b8,0x00000000c6500000)
 Metaspace       used 6094K, capacity 7088K, committed 7296K, reserved 1056768K
  class space    used 585K, capacity 616K, committed 640K, reserved 1048576K
Event: 9.220 GC heap after
Heap after GC invocations=8 (full 1):
 PSYoungGen      total 166912K, used 44535K [0x00000000eab00000, 0x0000000100000000, 0x0000000100000000)
  eden space 122368K, 0% used [0x00000000eab00000,0x00000000eab00000,0x00000000f2280000)
  from space 44544K, 99% used [0x00000000f2280000,0x00000000f4dfdda8,0x00000000f4e00000)
  to   space 75264K, 0% used [0x00000000fb680000,0x00000000fb680000,0x0000000100000000)
 ParOldGen       total 103424K, used 94397K [0x00000000c0000000, 0x00000000c6500000, 0x00000000eab00000)
  object space 103424K, 91% used [0x00000000c0000000,0x00000000c5c2f6b8,0x00000000c6500000)
 Metaspace       used 6094K, capacity 7088K, committed 7296K, reserved 1056768K
  class space    used 585K, capacity 616K, committed 640K, reserved 1048576K
}
Event: 9.220 GC heap before
{Heap before GC invocations=9 (full 2):
 PSYoungGen      total 166912K, used 44535K [0x00000000eab00000, 0x0000000100000000, 0x0000000100000000)
  eden space 122368K, 0% used [0x00000000eab00000,0x00000000eab00000,0x00000000f2280000)
  from space 44544K, 99% used [0x00000000f2280000,0x00000000f4dfdda8,0x00000000f4e00000)
  to   space 75264K, 0% used [0x00000000fb680000,0x00000000fb680000,0x0000000100000000)
 ParOldGen       total 103424K, used 94397K [0x00000000c0000000, 0x00000000c6500000, 0x00000000eab00000)
  object space 103424K, 91% used [0x00000000c0000000,0x00000000c5c2f6b8,0x00000000c6500000)
 Metaspace       used 6094K, capacity 7088K, committed 7296K, reserved 1056768K
  class space    used 585K, capacity 616K, committed 640K, reserved 1048576K
Event: 9.590 GC heap after
Heap after GC invocations=9 (full 2):
 PSYoungGen      total 166912K, used 30932K [0x00000000eab00000, 0x0000000100000000, 0x0000000100000000)
  eden space 122368K, 0% used [0x00000000eab00000,0x00000000eab00000,0x00000000f2280000)
  from space 44544K, 69% used [0x00000000f2280000,0x00000000f40b5340,0x00000000f4e00000)
  to   space 75264K, 0% used [0x00000000fb680000,0x00000000fb680000,0x0000000100000000)
 ParOldGen       total 173568K, used 103318K [0x00000000c0000000, 0x00000000ca980000, 0x00000000eab00000)
  object space 173568K, 59% used [0x00000000c0000000,0x00000000c64e5978,0x00000000ca980000)
 Metaspace       used 6094K, capacity 7088K, committed 7296K, reserved 1056768K
  class space    used 585K, capacity 616K, committed 640K, reserved 1048576K
}
Event: 11.049 GC heap before
{Heap before GC invocations=10 (full 2):
 PSYoungGen      total 166912K, used 153300K [0x00000000eab00000, 0x0000000100000000, 0x0000000100000000)
  eden space 122368K, 100% used [0x00000000eab00000,0x00000000f2280000,0x00000000f2280000)
  from space 44544K, 69% used [0x00000000f2280000,0x00000000f40b5340,0x00000000f4e00000)
  to   space 75264K, 0% used [0x00000000fb680000,0x00000000fb680000,0x0000000100000000)
 ParOldGen       total 173568K, used 103318K [0x00000000c0000000, 0x00000000ca980000, 0x00000000eab00000)
  object space 173568K, 59% used [0x00000000c0000000,0x00000000c64e5978,0x00000000ca980000)
 Metaspace       used 6203K, capacity 7154K, committed 7296K, reserved 1056768K
  class space    used 604K, capacity 618K, committed 640K, reserved 1048576K
Event: 11.176 GC heap after
Heap after GC invocations=10 (full 2):
 PSYoungGen      total 252416K, used 64655K [0x00000000eab00000, 0x0000000100000000, 0x0000000100000000)
  eden space 177152K, 0% used [0x00000000eab00000,0x00000000eab00000,0x00000000f5800000)
  from space 75264K, 85% used [0x00000000fb680000,0x00000000ff5a3e68,0x0000000100000000)
  to   space 86016K, 0% used [0x00000000f5800000,0x00000000f5800000,0x00000000fac00000)
 ParOldGen       total 173568K, used 103326K [0x00000000c0000000, 0x00000000ca980000, 0x00000000eab00000)
  object space 173568K, 59% used [0x00000000c0000000,0x00000000c64e7978,0x00000000ca980000)
 Metaspace       used 6203K, capacity 7154K, committed 7296K, reserved 1056768K
  class space    used 604K, capacity 618K, committed 640K, reserved 1048576K
}
Event: 12.109 GC heap before
{Heap before GC invocations=11 (full 2):
 PSYoungGen      total 252416K, used 241807K [0x00000000eab00000, 0x0000000100000000, 0x0000000100000000)
  eden space 177152K, 100% used [0x00000000eab00000,0x00000000f5800000,0x00000000f5800000)
  from space 75264K, 85% used [0x00000000fb680000,0x00000000ff5a3e68,0x0000000100000000)
  to   space 86016K, 0% used [0x00000000f5800000,0x00000000f5800000,0x00000000fac00000)
 ParOldGen       total 173568K, used 103326K [0x00000000c0000000, 0x00000000ca980000, 0x00000000eab00000)
  object space 173568K, 59% used [0x00000000c0000000,0x00000000c64e7978,0x00000000ca980000)
 Metaspace       used 6257K, capacity 7154K, committed 7296K, reserved 1056768K
  class space    used 604K, capacity 618K, committed 640K, reserved 1048576K
Event: 12.655 GC heap after
Heap after GC invocations=11 (full 2):
 PSYoungGen      total 263168K, used 86005K [0x00000000eab00000, 0x0000000100000000, 0x0000000100000000)
  eden space 177152K, 0% used [0x00000000eab00000,0x00000000eab00000,0x00000000f5800000)
  from space 86016K, 99% used [0x00000000f5800000,0x00000000fabfd5b8,0x00000000fac00000)
  to   space 86016K, 0% used [0x00000000fac00000,0x00000000fac00000,0x0000000100000000)
 ParOldGen       total 173568K, used 168006K [0x00000000c0000000, 0x00000000ca980000, 0x00000000eab00000)
  object space 173568K, 96% used [0x00000000c0000000,0x00000000ca411990,0x00000000ca980000)
 Metaspace       used 6257K, capacity 7154K, committed 7296K, reserved 1056768K
  class space    used 604K, capacity 618K, committed 640K, reserved 1048576K
}
Event: 12.655 GC heap before
{Heap before GC invocations=12 (full 3):
 PSYoungGen      total 263168K, used 86005K [0x00000000eab00000, 0x0000000100000000, 0x0000000100000000)
  eden space 177152K, 0% used [0x00000000eab00000,0x00000000eab00000,0x00000000f5800000)
  from space 86016K, 99% used [0x00000000f5800000,0x00000000fabfd5b8,0x00000000fac00000)
  to   space 86016K, 0% used [0x00000000fac00000,0x00000000fac00000,0x0000000100000000)
 ParOldGen       total 173568K, used 168006K [0x00000000c0000000, 0x00000000ca980000, 0x00000000eab00000)
  object space 173568K, 96% used [0x00000000c0000000,0x00000000ca411990,0x00000000ca980000)
 Metaspace       used 6257K, capacity 7154K, committed 7296K, reserved 1056768K
  class space    used 604K, capacity 618K, committed 640K, reserved 1048576K
Event: 13.119 GC heap after
Heap after GC invocations=12 (full 3):
 PSYoungGen      total 263168K, used 0K [0x00000000eab00000, 0x0000000100000000, 0x0000000100000000)
  eden space 177152K, 0% used [0x00000000eab00000,0x00000000eab00000,0x00000000f5800000)
  from space 86016K, 0% used [0x00000000f5800000,0x00000000f5800000,0x00000000fac00000)
  to   space 86016K, 0% used [0x00000000fac00000,0x00000000fac00000,0x0000000100000000)
 ParOldGen       total 173568K, used 124453K [0x00000000c0000000, 0x00000000ca980000, 0x00000000eab00000)
  object space 173568K, 71% used [0x00000000c0000000,0x00000000c7989478,0x00000000ca980000)
 Metaspace       used 6257K, capacity 7154K, committed 7296K, reserved 1056768K
  class space    used 604K, capacity 618K, committed 640K, reserved 1048576K
}

